# JRE version: Java(TM) SE Runtime Environment (8.0_191-b12) (build 1.8.0_191-b12)
# Java VM: Java HotSpot(TM) 64-Bit Server VM (25.191-b12 mixed mode linux-amd64 compressed oops)
Heap:
 def new generation   total 31104K, used 3889K [0x00000000c2400000, 0x00000000c45c0000, 0x00000000d6d50000)
  eden space 27648K,   7% used [0x00000000c2400000, 0x00000000c25f7f20, 0x00000000c3f00000)
  from space 3456K,  54% used [0x00000000c3f00000, 0x00000000c40d4840, 0x00000000c4260000)
  to   space 3456K,   0% used [0x00000000c4260000, 0x00000000c4260000, 0x00000000c45c0000)
 tenured generation   total 69076K, used 45093K [0x00000000d6d50000, 0x00000000db0c5000, 0x0000000100000000)
   the space 69076K,  65% used [0x00000000d6d50000, 0x00000000d9959558, 0x00000000d9959600, 0x00000000db0c5000)
 Metaspace       used 18691K, capacity 18936K, committed 19200K, reserved 1067008K
  class space    used 2145K, capacity 2234K, committed 2304K, reserved 1048576K
GC Heap History (10 events):
Event: 47,716 GC heap before
{Heap before GC invocations=42 (full 1):
 def new generation   total 31104K, used 29589K [0x00000000c2400000, 0x00000000c45c0000, 0x00000000d6d50000)
  eden space 27648K, 100% used [0x00000000c2400000, 0x00000000c3f00000, 0x00000000c3f00000)
  from space 3456K,  56% used [0x00000000c4260000, 0x00000000c4445488, 0x00000000c45c0000)
  to   space 3456K,   0% used [0x00000000c3f00000, 0x00000000c3f00000, 0x00000000c4260000)
 tenured generation   total 69076K, used 42831K [0x00000000d6d50000, 0x00000000db0c5000, 0x0000000100000000)
   the space 69076K,  62% used [0x00000000d6d50000, 0x00000000d9723fe8, 0x00000000d9724000, 0x00000000db0c5000)
 Metaspace       used 18690K, capacity 18904K, committed 19200K, reserved 1067008K
  class space    used 2144K, capacity 2202K, committed 2304K, reserved 1048576K
Event: 47,719 GC heap after
Heap after GC invocations=43 (full 1):
 def new generation   total 31104K, used 1926K [0x00000000c2400000, 0x00000000c45c0000, 0x00000000d6d50000)
  eden space 27648K,   0% used [0x00000000c2400000, 0x00000000c2400000, 0x00000000c3f00000)
  from space 3456K,  55% used [0x00000000c3f00000, 0x00000000c40e1880, 0x00000000c4260000)
  to   space 3456K,   0% used [0x00000000c4260000, 0x00000000c4260000, 0x00000000c45c0000)
 tenured generation   total 69076K, used 43292K [0x00000000d6d50000, 0x00000000db0c5000, 0x0000000100000000)
   the space 69076K,  62% used [0x00000000d6d50000, 0x00000000d9797178, 0x00000000d9797200, 0x00000000db0c5000)
 Metaspace       used 18690K, capacity 18904K, committed 19200K, reserved 1067008K
  class space    used 2144K, capacity 2202K, committed 2304K, reserved 1048576K
}
Event: 48,360 GC heap before
{Heap before GC invocations=43 (full 1):
 def new generation   total 31104K, used 29574K [0x00000000c2400000, 0x00000000c45c0000, 0x00000000d6d50000)
  eden space 27648K, 100% used [0x00000000c2400000, 0x00000000c3f00000, 0x00000000c3f00000)
  from space 3456K,  55% used [0x00000000c3f00000, 0x00000000c40e1880, 0x00000000c4260000)
  to   space 3456K,   0% used [0x00000000c4260000, 0x00000000c4260000, 0x00000000c45c0000)
 tenured generation   total 69076K, used 43292K [0x00000000d6d50000, 0x00000000db0c5000, 0x0000000100000000)
   the space 69076K,  62% used [0x00000000d6d50000, 0x00000000d9797178, 0x00000000d9797200, 0x00000000db0c5000)
 Metaspace       used 18690K, capacity 18904K, committed 19200K, reserved 1067008K
  class space    used 2144K, capacity 2202K, committed 2304K, reserved 1048576K
Event: 48,362 GC heap after
Heap after GC invocations=44 (full 1):
 def new generation   total 31104K, used 1913K [0x00000000c2400000, 0x00000000c45c0000, 0x00000000d6d50000)
  eden space 27648K,   0% used [0x00000000c2400000, 0x00000000c2400000, 0x00000000c3f00000)
  from space 3456K,  55% used [0x00000000c4260000, 0x00000000c443e6f8, 0x00000000c45c0000)
  to   space 3456K,   0% used [0x00000000c3f00000, 0x00000000c3f00000, 0x00000000c4260000)
 tenured generation   total 69076K, used 43746K [0x00000000d6d50000, 0x00000000db0c5000, 0x0000000100000000)
   the space 69076K,  63% used [0x00000000d6d50000, 0x00000000d9808bb8, 0x00000000d9808c00, 0x00000000db0c5000)
 Metaspace       used 18690K, capacity 18904K, committed 19200K, reserved 1067008K
  class space    used 2144K, capacity 2202K, committed 2304K, reserved 1048576K
}
Event: 49,540 GC heap before
{Heap before GC invocations=44 (full 1):
 def new generation   total 31104K, used 29561K [0x00000000c2400000, 0x00000000c45c0000, 0x00000000d6d50000)
  eden space 27648K, 100% used [0x00000000c2400000, 0x00000000c3f00000, 0x00000000c3f00000)
  from space 3456K,  55% used [0x00000000c4260000, 0x00000000c443e6f8, 0x00000000c45c0000)
  to   space 3456K,   0% used [0x00000000c3f00000, 0x00000000c3f00000, 0x00000000c4260000)
 tenured generation   total 69076K, used 43746K [0x00000000d6d50000, 0x00000000db0c5000, 0x0000000100000000)
   the space 69076K,  63% used [0x00000000d6d50000, 0x00000000d9808bb8, 0x00000000d9808c00, 0x00000000db0c5000)
 Metaspace       used 18690K, capacity 18904K, committed 19200K, reserved 1067008K
  class space    used 2144K, capacity 2202K, committed 2304K, reserved 1048576K
Event: 49,543 GC heap after
Heap after GC invocations=45 (full 1):
 def new generation   total 31104K, used 1900K [0x00000000c2400000, 0x00000000c45c0000, 0x00000000d6d50000)
  eden space 27648K,   0% used [0x00000000c2400000, 0x00000000c2400000, 0x00000000c3f00000)
  from space 3456K,  54% used [0x00000000c3f00000, 0x00000000c40db1f0, 0x00000000c4260000)
  to   space 3456K,   0% used [0x00000000c4260000, 0x00000000c4260000, 0x00000000c45c0000)
 tenured generation   total 69076K, used 44199K [0x00000000d6d50000, 0x00000000db0c5000, 0x0000000100000000)
   the space 69076K,  63% used [0x00000000d6d50000, 0x00000000d9879cf8, 0x00000000d9879e00, 0x00000000db0c5000)
 Metaspace       used 18690K, capacity 18904K, committed 19200K, reserved 1067008K
  class space    used 2144K, capacity 2202K, committed 2304K, reserved 1048576K
}
Event: 50,191 GC heap before
{Heap before GC invocations=45 (full 1):
 def new generation   total 31104K, used 29514K [0x00000000c2400000, 0x00000000c45c0000, 0x00000000d6d50000)
  eden space 27648K,  99% used [0x00000000c2400000, 0x00000000c3ef7690, 0x00000000c3f00000)
  from space 3456K,  54% used [0x00000000c3f00000, 0x00000000c40db1f0, 0x00000000c4260000)
  to   space 3456K,   0% used [0x00000000c4260000, 0x00000000c4260000, 0x00000000c45c0000)
 tenured generation   total 69076K, used 44199K [0x00000000d6d50000, 0x00000000db0c5000, 0x0000000100000000)
   the space 69076K,  63% used [0x00000000d6d50000, 0x00000000d9879cf8, 0x00000000d9879e00, 0x00000000db0c5000)
 Metaspace       used 18690K, capacity 18904K, committed 19200K, reserved 1067008K
  class space    used 2144K, capacity 2202K, committed 2304K, reserved 1048576K
Event: 50,199 GC heap after
Heap after GC invocations=46 (full 1):
 def new generation   total 31104K, used 1886K [0x00000000c2400000, 0x00000000c45c0000, 0x00000000d6d50000)
  eden space 27648K,   0% used [0x00000000c2400000, 0x00000000c2400000, 0x00000000c3f00000)
  from space 3456K,  54% used [0x00000000c4260000, 0x00000000c4437898, 0x00000000c45c0000)
  to   space 3456K,   0% used [0x00000000c3f00000, 0x00000000c3f00000, 0x00000000c4260000)
 tenured generation   total 69076K, used 44648K [0x00000000d6d50000, 0x00000000db0c5000, 0x0000000100000000)
   the space 69076K,  64% used [0x00000000d6d50000, 0x00000000d98ea168, 0x00000000d98ea200, 0x00000000db0c5000)
 Metaspace       used 18690K, capacity 18904K, committed 19200K, reserved 1067008K
  class space    used 2144K, capacity 2202K, committed 2304K, reserved 1048576K
}
Event: 52,056 GC heap before
{Heap before GC invocations=46 (full 1):
 def new generation   total 31104K, used 29509K [0x00000000c2400000, 0x00000000c45c0000, 0x00000000d6d50000)
  eden space 27648K,  99% used [0x00000000c2400000, 0x00000000c3ef9c00, 0x00000000c3f00000)
  from space 3456K,  54% used [0x00000000c4260000, 0x00000000c4437898, 0x00000000c45c0000)
  to   space 3456K,   0% used [0x00000000c3f00000, 0x00000000c3f00000, 0x00000000c4260000)
 tenured generation   total 69076K, used 44648K [0x00000000d6d50000, 0x00000000db0c5000, 0x0000000100000000)
   the space 69076K,  64% used [0x00000000d6d50000, 0x00000000d98ea168, 0x00000000d98ea200, 0x00000000db0c5000)
 Metaspace       used 18690K, capacity 18904K, committed 19200K, reserved 1067008K
  class space    used 2144K, capacity 2202K, committed 2304K, reserved 1048576K
Event: 52,059 GC heap after
Heap after GC invocations=47 (full 1):
 def new generation   total 31104K, used 1874K [0x00000000c2400000, 0x00000000c45c0000, 0x00000000d6d50000)
  eden space 27648K,   0% used [0x00000000c2400000, 0x00000000c2400000, 0x00000000c3f00000)
  from space 3456K,  54% used [0x00000000c3f00000, 0x00000000c40d4840, 0x00000000c4260000)
  to   space 3456K,   0% used [0x00000000c4260000, 0x00000000c4260000, 0x00000000c45c0000)
 tenured generation   total 69076K, used 45093K [0x00000000d6d50000, 0x00000000db0c5000, 0x0000000100000000)
   the space 69076K,  65% used [0x00000000d6d50000, 0x00000000d9959558, 0x00000000d9959600, 0x00000000db0c5000)
 Metaspace       used 18690K, capacity 18904K, committed 19200K, reserved 1067008K
  class space    used 2144K, capacity 2202K, committed 2304K, reserved 1048576K
}

